2026-04-08T09:13:18.821452-04:00 kali rtkit-daemon[1123]: Demoted 0 threads.
2026-04-08T09:13:18.954009-04:00 kali systemd[1]: Started NetworkManager-dispatcher.service - Network Manager Script Dispatcher Service.
2026-04-08T09:13:18.968649-04:00 kali dbus-daemon[536]: [system] Successfully activated service 'org.freedesktop.nm_dispatcher'
2026-04-08T09:13:28.536773-04:00 kali systemd[1]: NetworkManager-dispatcher.service: Deactivated successfully.
2026-04-08T09:13:29.042396-04:00 kali systemd[1]: NetworkManager-dispatcher.service: Consumed 1.189s CPU time over 12.640s wall clock time, 2M memory peak.
2026-04-08T09:14:37.113441-04:00 kali dbus-daemon[1243]: [session uid=1000 pid=1243] Activating service name='org.xfce.Xfconf' requested by ':1.28' (uid=1000 pid=1408 comm="xfce4-panel")
2026-04-08T09:14:37.494570-04:00 kali dbus-daemon[1243]: [session uid=1000 pid=1243] Successfully activated service 'org.xfce.Xfconf'
2026-04-08T09:15:01.695517-04:00 kali CRON[56804]: (root) CMD (command -v debian-sa1 > /dev/null && debian-sa1 1 1)
2026-04-08T09:17:02.201025-04:00 kali CRON[57759]: (root) CMD (cd / && run-parts --report /etc/cron.hourly)
2026-04-08T09:24:37.115900-04:00 kali dbus-daemon[1243]: [session uid=1000 pid=1243] Activating service name='org.xfce.Xfconf' requested by ':1.28' (uid=1000 pid=1408 comm="xfce4-panel")
2026-04-08T09:24:37.237455-04:00 kali dbus-daemon[1243]: [session uid=1000 pid=1243] Successfully activated service 'org.xfce.Xfconf'
2026-04-08T09:25:01.519618-04:00 kali CRON[61519]: (root) CMD (command -v debian-sa1 > /dev/null && debian-sa1 1 1)
2026-04-08T09:28:05.055361-04:00 kali NetworkManager[695]: <info>  [1775654885.0509] dhcp4 (eth0): state changed new lease, address=192.168.116.129
2026-04-08T09:28:05.260739-04:00 kali dbus-daemon[536]: [system] Activating via systemd: service name='org.freedesktop.nm_dispatcher' unit='dbus-org.freedesktop.nm-dispatcher.service' requested by ':1.4' (uid=0 pid=695 comm="/usr/sbin/NetworkManager --no-daemon")
2026-04-08T09:28:05.526179-04:00 kali systemd[1]: Starting NetworkManager-dispatcher.service - Network Manager Script Dispatcher Service...
2026-04-08T09:28:05.749562-04:00 kali dbus-daemon[536]: [system] Successfully activated service 'org.freedesktop.nm_dispatcher'
2026-04-08T09:28:05.752189-04:00 kali systemd[1]: Started NetworkManager-dispatcher.service - Network Manager Script Dispatcher Service.
2026-04-08T09:28:15.846540-04:00 kali systemd[1]: NetworkManager-dispatcher.service: Deactivated successfully.
2026-04-08T09:31:20.006316-04:00 kali kernel: hrtimer: interrupt took 13372248 ns
2026-04-08T09:34:37.136267-04:00 kali dbus-daemon[1243]: [session uid=1000 pid=1243] Activating service name='org.xfce.Xfconf' requested by ':1.28' (uid=1000 pid=1408 comm="xfce4-panel")
2026-04-08T09:34:37.319056-04:00 kali dbus-daemon[1243]: [session uid=1000 pid=1243] Successfully activated service 'org.xfce.Xfconf'
2026-04-08T09:35:01.868584-04:00 kali CRON[66208]: (root) CMD (command -v debian-sa1 > /dev/null && debian-sa1 1 1)
2026-04-08T09:39:03.455239-04:00 kali CRON[68094]: (root) CMD (  [ -x /usr/lib/php/sessionclean ] && if [ ! -d /run/systemd/system ]; then /usr/lib/php/sessionclean; fi)
2026-04-08T09:39:42.628373-04:00 kali systemd[1]: Starting phpsessionclean.service - Clean php session files...
2026-04-08T09:39:59.082412-04:00 kali systemd[1]: phpsessionclean.service: Deactivated successfully.
2026-04-08T09:39:59.349800-04:00 kali systemd[1]: Finished phpsessionclean.service - Clean php session files.
2026-04-08T09:39:59.466504-04:00 kali systemd[1]: phpsessionclean.service: Consumed 7.816s CPU time over 16.429s wall clock time, 8.5M memory peak.
2026-04-08T09:42:24.574211-04:00 kali rtkit-daemon[1123]: The canary thread is apparently starving. Taking action.
2026-04-08T09:42:24.831302-04:00 kali rtkit-daemon[1123]: Demoting known real-time threads.
2026-04-08T09:42:25.280660-04:00 kali rtkit-daemon[1123]: Demoted 0 threads.
2026-04-08T09:43:06.624701-04:00 kali NetworkManager[695]: <info>  [1775655786.6240] dhcp4 (eth0): state changed new lease, address=192.168.116.129
2026-04-08T09:43:10.270850-04:00 kali dbus-daemon[536]: [system] Activating via systemd: service name='org.freedesktop.nm_dispatcher' unit='dbus-org.freedesktop.nm-dispatcher.service' requested by ':1.4' (uid=0 pid=695 comm="/usr/sbin/NetworkManager --no-daemon")
2026-04-08T09:43:16.534768-04:00 kali systemd[1]: Starting NetworkManager-dispatcher.service - Network Manager Script Dispatcher Service...
2026-04-08T09:43:17.992376-04:00 kali dbus-daemon[536]: [system] Successfully activated service 'org.freedesktop.nm_dispatcher'
2026-04-08T09:43:18.692473-04:00 kali systemd[1]: Started NetworkManager-dispatcher.service - Network Manager Script Dispatcher Service.
2026-04-08T09:43:29.763734-04:00 kali systemd[1]: NetworkManager-dispatcher.service: Deactivated successfully.
2026-04-08T09:44:37.167474-04:00 kali dbus-daemon[1243]: [session uid=1000 pid=1243] Activating service name='org.xfce.Xfconf' requested by ':1.28' (uid=1000 pid=1408 comm="xfce4-panel")
2026-04-08T09:44:37.797983-04:00 kali dbus-daemon[1243]: [session uid=1000 pid=1243] Successfully activated service 'org.xfce.Xfconf'
2026-04-08T09:45:02.297479-04:00 kali CRON[70639]: (root) CMD (command -v debian-sa1 > /dev/null && debian-sa1 1 1)
2026-04-08T09:46:39.325888-04:00 kali systemd[1]: Started session-33.scope - Session 33 of User kali.
2026-04-08T09:46:59.351226-04:00 kali systemd[1]: session-33.scope: Deactivated successfully.
2026-04-08T09:46:59.456252-04:00 kali systemd[1]: session-33.scope: Consumed 3.251s CPU time over 20.047s wall clock time, 1.6M memory peak.
2026-04-08T09:47:09.561881-04:00 kali wireplumber[1239]: GetManagedObjects() failed: org.freedesktop.DBus.Error.NameHasNoOwner
2026-04-08T09:54:39.462421-04:00 kali dbus-daemon[1243]: [session uid=1000 pid=1243] Activating service name='org.xfce.Xfconf' requested by ':1.28' (uid=1000 pid=1408 comm="xfce4-panel")
2026-04-08T09:54:40.688703-04:00 kali dbus-daemon[1243]: [session uid=1000 pid=1243] Successfully activated service 'org.xfce.Xfconf'
2026-04-08T09:55:01.991722-04:00 kali CRON[75296]: (root) CMD (command -v debian-sa1 > /dev/null && debian-sa1 1 1)
2026-04-08T09:58:05.053562-04:00 kali NetworkManager[695]: <info>  [1775656685.0521] dhcp4 (eth0): state changed new lease, address=192.168.116.129
2026-04-08T09:58:05.786966-04:00 kali dbus-daemon[536]: [system] Activating via systemd: service name='org.freedesktop.nm_dispatcher' unit='dbus-org.freedesktop.nm-dispatcher.service' requested by ':1.4' (uid=0 pid=695 comm="/usr/sbin/NetworkManager --no-daemon")
2026-04-08T09:58:06.017610-04:00 kali systemd[1]: Starting NetworkManager-dispatcher.service - Network Manager Script Dispatcher Service...
2026-04-08T09:58:06.123130-04:00 kali dbus-daemon[536]: [system] Successfully activated service 'org.freedesktop.nm_dispatcher'
2026-04-08T09:58:06.155038-04:00 kali systemd[1]: Started NetworkManager-dispatcher.service - Network Manager Script Dispatcher Service.
2026-04-08T09:58:16.318571-04:00 kali systemd[1]: NetworkManager-dispatcher.service: Deactivated successfully.
2026-04-08T10:04:37.134767-04:00 kali dbus-daemon[1243]: [session uid=1000 pid=1243] Activating service name='org.xfce.Xfconf' requested by ':1.28' (uid=1000 pid=1408 comm="xfce4-panel")
2026-04-08T10:04:38.263017-04:00 kali dbus-daemon[1243]: [session uid=1000 pid=1243] Successfully activated service 'org.xfce.Xfconf'
2026-04-08T10:05:02.041394-04:00 kali CRON[80078]: (root) CMD (command -v debian-sa1 > /dev/null && debian-sa1 1 1)
2026-04-08T10:09:03.331740-04:00 kali CRON[81979]: (root) CMD (  [ -x /usr/lib/php/sessionclean ] && if [ ! -d /run/systemd/system ]; then /usr/lib/php/sessionclean; fi)
2026-04-08T10:09:36.890319-04:00 kali systemd[1]: Starting phpsessionclean.service - Clean php session files...
2026-04-08T10:09:37.395839-04:00 kali systemd[1]: phpsessionclean.service: Deactivated successfully.
2026-04-08T10:09:37.508382-04:00 kali systemd[1]: Finished phpsessionclean.service - Clean php session files.
2026-04-08T10:13:04.990184-04:00 kali NetworkManager[695]: <info>  [1775657584.9838] dhcp4 (eth0): state changed new lease, address=192.168.116.129
2026-04-08T10:13:05.190189-04:00 kali dbus-daemon[536]: [system] Activating via systemd: service name='org.freedesktop.nm_dispatcher' unit='dbus-org.freedesktop.nm-dispatcher.service' requested by ':1.4' (uid=0 pid=695 comm="/usr/sbin/NetworkManager --no-daemon")
2026-04-08T10:13:05.326068-04:00 kali systemd[1]: Starting NetworkManager-dispatcher.service - Network Manager Script Dispatcher Service...
2026-04-08T10:13:05.607103-04:00 kali dbus-daemon[536]: [system] Successfully activated service 'org.freedesktop.nm_dispatcher'
2026-04-08T10:13:05.741690-04:00 kali systemd[1]: Started NetworkManager-dispatcher.service - Network Manager Script Dispatcher Service.
2026-04-08T10:13:15.831352-04:00 kali systemd[1]: NetworkManager-dispatcher.service: Deactivated successfully.
2026-04-08T10:14:37.114410-04:00 kali dbus-daemon[1243]: [session uid=1000 pid=1243] Activating service name='org.xfce.Xfconf' requested by ':1.28' (uid=1000 pid=1408 comm="xfce4-panel")
2026-04-08T10:14:37.443681-04:00 kali dbus-daemon[1243]: [session uid=1000 pid=1243] Successfully activated service 'org.xfce.Xfconf'
2026-04-08T10:15:02.100222-04:00 kali CRON[84894]: (root) CMD (command -v debian-sa1 > /dev/null && debian-sa1 1 1)
2026-04-08T10:17:01.611222-04:00 kali CRON[85833]: (root) CMD (cd / && run-parts --report /etc/cron.hourly)
2026-04-08T10:19:49.191082-04:00 kali systemd[1]: Started session-39.scope - Session 39 of User kali.
2026-04-08T10:19:49.597078-04:00 kali wireplumber[1239]: GetManagedObjects() failed: org.freedesktop.DBus.Error.NameHasNoOwner
2026-04-08T10:19:50.238570-04:00 kali systemd[1]: session-39.scope: Deactivated successfully.
2026-04-08T10:24:37.106822-04:00 kali dbus-daemon[1243]: [session uid=1000 pid=1243] Activating service name='org.xfce.Xfconf' requested by ':1.28' (uid=1000 pid=1408 comm="xfce4-panel")
2026-04-08T10:24:37.430141-04:00 kali dbus-daemon[1243]: [session uid=1000 pid=1243] Successfully activated service 'org.xfce.Xfconf'
2026-04-08T10:25:01.781424-04:00 kali CRON[89643]: (root) CMD (command -v debian-sa1 > /dev/null && debian-sa1 1 1)
2026-04-08T10:28:04.981849-04:00 kali NetworkManager[695]: <info>  [1775658484.9805] dhcp4 (eth0): state changed new lease, address=192.168.116.129
2026-04-08T10:28:05.154322-04:00 kali dbus-daemon[536]: [system] Activating via systemd: service name='org.freedesktop.nm_dispatcher' unit='dbus-org.freedesktop.nm-dispatcher.service' requested by ':1.4' (uid=0 pid=695 comm="/usr/sbin/NetworkManager --no-daemon")
2026-04-08T10:28:05.293910-04:00 kali systemd[1]: Starting NetworkManager-dispatcher.service - Network Manager Script Dispatcher Service...
2026-04-08T10:28:05.390626-04:00 kali systemd[1]: Started NetworkManager-dispatcher.service - Network Manager Script Dispatcher Service.
2026-04-08T10:28:05.390983-04:00 kali dbus-daemon[536]: [system] Successfully activated service 'org.freedesktop.nm_dispatcher'
2026-04-08T10:28:15.398427-04:00 kali systemd[1]: NetworkManager-dispatcher.service: Deactivated successfully.
2026-04-08T10:34:37.098109-04:00 kali dbus-daemon[1243]: [session uid=1000 pid=1243] Activating service name='org.xfce.Xfconf' requested by ':1.28' (uid=1000 pid=1408 comm="xfce4-panel")
2026-04-08T10:34:37.695803-04:00 kali dbus-daemon[1243]: [session uid=1000 pid=1243] Successfully activated service 'org.xfce.Xfconf'
2026-04-08T10:35:02.040319-04:00 kali CRON[94427]: (root) CMD (command -v debian-sa1 > /dev/null && debian-sa1 1 1)
2026-04-08T10:39:01.892549-04:00 kali CRON[96334]: (root) CMD (  [ -x /usr/lib/php/sessionclean ] && if [ ! -d /run/systemd/system ]; then /usr/lib/php/sessionclean; fi)
2026-04-08T10:39:37.074287-04:00 kali systemd[1]: Starting phpsessionclean.service - Clean php session files...
2026-04-08T10:39:40.555012-04:00 kali systemd[1]: phpsessionclean.service: Deactivated successfully.
2026-04-08T10:39:40.617353-04:00 kali systemd[1]: Finished phpsessionclean.service - Clean php session files.
2026-04-08T10:39:40.739939-04:00 kali systemd[1]: phpsessionclean.service: Consumed 1.645s CPU time over 3.485s wall clock time, 8.6M memory peak.
2026-04-08T10:43:05.018267-04:00 kali NetworkManager[695]: <info>  [1775659385.0174] dhcp4 (eth0): state changed new lease, address=192.168.116.129
2026-04-08T10:43:05.399410-04:00 kali dbus-daemon[536]: [system] Activating via systemd: service name='org.freedesktop.nm_dispatcher' unit='dbus-org.freedesktop.nm-dispatcher.service' requested by ':1.4' (uid=0 pid=695 comm="/usr/sbin/NetworkManager --no-daemon")
2026-04-08T10:43:05.874546-04:00 kali systemd[1]: Starting NetworkManager-dispatcher.service - Network Manager Script Dispatcher Service...
2026-04-08T10:43:06.438632-04:00 kali dbus-daemon[536]: [system] Successfully activated service 'org.freedesktop.nm_dispatcher'
2026-04-08T10:43:06.648614-04:00 kali systemd[1]: Started NetworkManager-dispatcher.service - Network Manager Script Dispatcher Service.
2026-04-08T10:43:16.754524-04:00 kali systemd[1]: NetworkManager-dispatcher.service: Deactivated successfully.
2026-04-08T10:44:37.133909-04:00 kali dbus-daemon[1243]: [session uid=1000 pid=1243] Activating service name='org.xfce.Xfconf' requested by ':1.28' (uid=1000 pid=1408 comm="xfce4-panel")
2026-04-08T10:44:37.291880-04:00 kali dbus-daemon[1243]: [session uid=1000 pid=1243] Successfully activated service 'org.xfce.Xfconf'
2026-04-08T10:45:02.100278-04:00 kali CRON[98778]: (root) CMD (command -v debian-sa1 > /dev/null && debian-sa1 1 1)
2026-04-08T10:52:04.311106-04:00 kali systemd[1]: Started session-44.scope - Session 44 of User kali.
2026-04-08T10:52:04.579238-04:00 kali wireplumber[1239]: GetManagedObjects() failed: org.freedesktop.DBus.Error.NameHasNoOwner
